<?xml version="1.0" encoding="UTF-8"?>
<testng-results ignored="0" total="1" passed="1" failed="0" skipped="0">
  <reporter-output>
  </reporter-output>
  <suite started-at="2023-07-08T17:10:43 IST" name="BDD Test Suite" finished-at="2023-07-08T17:10:44 IST" duration-ms="1180">
    <groups>
      <group name="cucumber">
        <method signature="AbstractTestNGCucumberTests.runScenario(io.cucumber.testng.PickleWrapper,io.cucumber.testng.FeatureWrapper)[pri:0, instance:Runner.TestRunner@71d44a3]" name="runScenario" class="io.cucumber.testng.AbstractTestNGCucumberTests"/>
      </group> <!-- cucumber -->
    </groups>
    <test started-at="2023-07-08T17:10:43 IST" name="Test" finished-at="2023-07-08T17:10:44 IST" duration-ms="1180">
      <class name="Runner.TestRunner">
        <test-method is-config="true" signature="setUpSuite(java.lang.String)[pri:0, instance:Runner.TestRunner@71d44a3]" started-at="2023-07-08T17:10:43 IST" name="setUpSuite" finished-at="2023-07-08T17:10:43 IST" duration-ms="8" status="PASS">
          <params>
            <param index="0">
              <value>
                <![CDATA[qa]]>
              </value>
            </param>
          </params>
          <reporter-output>
          </reporter-output>
        </test-method> <!-- setUpSuite -->
        <test-method is-config="true" signature="setUpClass()[pri:0, instance:Runner.TestRunner@71d44a3]" started-at="2023-07-08T17:10:43 IST" name="setUpClass" finished-at="2023-07-08T17:10:44 IST" duration-ms="579" status="PASS">
          <reporter-output>
          </reporter-output>
        </test-method> <!-- setUpClass -->
        <test-method signature="runScenario(io.cucumber.testng.PickleWrapper,io.cucumber.testng.FeatureWrapper)[pri:0, instance:Runner.TestRunner@71d44a3]" started-at="2023-07-08T17:10:44 IST" name="runScenario" description="Runs Cucumber Scenarios" data-provider="scenarios" finished-at="2023-07-08T17:10:44 IST" duration-ms="372" status="PASS">
          <params>
            <param index="0">
              <value>
                <![CDATA["Validate Cars guide Logo is present"]]>
              </value>
            </param>
            <param index="1">
              <value>
                <![CDATA["Optional[Validate Cars Guide Homepage]"]]>
              </value>
            </param>
          </params>
          <reporter-output>
          </reporter-output>
        </test-method> <!-- runScenario -->
        <test-method is-config="true" signature="tearDownClass()[pri:0, instance:Runner.TestRunner@71d44a3]" started-at="2023-07-08T17:10:44 IST" name="tearDownClass" finished-at="2023-07-08T17:10:44 IST" duration-ms="176" status="PASS">
          <reporter-output>
          </reporter-output>
        </test-method> <!-- tearDownClass -->
      </class> <!-- Runner.TestRunner -->
    </test> <!-- Test -->
  </suite> <!-- BDD Test Suite -->
</testng-results>
